<?xml version="1.0" encoding="UTF-8"?>
<!-- Generated by org.testng.reporters.JUnitReportReporter -->
<testsuite hostname="CPT0QG3" failures="0" tests="6" name="api.test.DDTests" time="9.229" errors="0" timestamp="2025-06-18T18:23:48 IST" skipped="0">
  <testcase classname="api.test.DDTests" name="testPostUser" time="1.073"/>
  <testcase classname="api.test.DDTests" name="testPostUser" time="1.068"/>
  <testcase classname="api.test.DDTests" name="testPostUser" time="3.655"/>
  <testcase classname="api.test.DDTests" name="testDeleteUserByUserName" time="1.118"/>
  <testcase classname="api.test.DDTests" name="testDeleteUserByUserName" time="1.053"/>
  <testcase classname="api.test.DDTests" name="testDeleteUserByUserName" time="1.262"/>
</testsuite> <!-- api.test.DDTests -->
