<?xml version="1.0" encoding="UTF-8"?>
<!-- Generated by org.testng.reporters.JUnitReportReporter -->
<testsuite hostname="CPT0QG3" failures="0" tests="3" name="api.test.PlaceOrderTest" time="7.253" errors="0" timestamp="2025-06-17T19:08:27 IST" skipped="0">
  <testcase classname="api.test.PlaceOrderTest" name="testPlaceOrder" time="5.115"/>
  <testcase classname="api.test.PlaceOrderTest" name="testFindOrder" time="1.098"/>
  <testcase classname="api.test.PlaceOrderTest" name="tesDeleteOrder" time="1.040"/>
</testsuite> <!-- api.test.PlaceOrderTest -->
